Log file open, 12/13/16 00:27:11
LogInit:Display: Running engine for game: BallAndPlate
LogPlatformFile: Not using cached read wrapper
LogInit:Display: RandInit(-1012616539) SRandInit(-1012616539).
LogTaskGraph: Started task graph with 5 named threads and 6 total threads with 1 sets of task threads.
LogStats: Stats thread started at 6.971128
LogPluginManager: Loaded Plugin BlueprintStats, From /opt/UnrealEngine/Engine/Plugins/Experimental/BlueprintStats/BlueprintStats.uplugin
LogPluginManager: Loaded Plugin CodeView, From /opt/UnrealEngine/Engine/Plugins/Experimental/CodeView/CodeView.uplugin
LogPluginManager: Loaded Plugin SimpleHMD, From /opt/UnrealEngine/Engine/Plugins/Experimental/SimpleHMD/SimpleHMD.uplugin
LogPluginManager: Loaded Plugin StructBox, From /opt/UnrealEngine/Engine/Plugins/Experimental/StructBox/StructBox.uplugin
LogPluginManager: Loaded Plugin Phya, From /opt/UnrealEngine/Engine/Plugins/Experimental/Phya/Phya.uplugin
LogPluginManager: Loaded Plugin OSVR, From /opt/UnrealEngine/Engine/Plugins/Experimental/OSVR/OSVR.uplugin
LogPluginManager: Loaded Plugin CharacterAI, From /opt/UnrealEngine/Engine/Plugins/Experimental/CharacterAI/CharacterAI.uplugin
LogPluginManager: Loaded Plugin CodeEditor, From /opt/UnrealEngine/Engine/Plugins/Experimental/CodeEditor/CodeEditor.uplugin
LogPluginManager: Loaded Plugin SignificanceManager, From /opt/UnrealEngine/Engine/Plugins/Experimental/SignificanceManager/SignificanceManager.uplugin
LogPluginManager: Loaded Plugin StereoPanorama, From /opt/UnrealEngine/Engine/Plugins/Experimental/StereoPanorama/StereoPanorama.uplugin
LogPluginManager: Loaded Plugin HTML5Networking, From /opt/UnrealEngine/Engine/Plugins/Experimental/HTML5Networking/HTML5Networking.uplugin
LogPluginManager: Loaded Plugin AlembicImporter, From /opt/UnrealEngine/Engine/Plugins/Experimental/AlembicImporter/AlembicImporter.uplugin
LogPluginManager: Loaded Plugin MobileLauncherProfileWizard, From /opt/UnrealEngine/Engine/Plugins/Editor/MobileLauncherProfileWizard/MobileLauncherProfileWizard.uplugin
LogPluginManager: Loaded Plugin EpicSurvey, From /opt/UnrealEngine/Engine/Plugins/Editor/EpicSurvey/EpicSurvey.uplugin
LogPluginManager: Loaded Plugin SpeedTreeImporter, From /opt/UnrealEngine/Engine/Plugins/Editor/SpeedTreeImporter/SpeedTreeImporter.uplugin
LogPluginManager: Loaded Plugin AudioCapture, From /opt/UnrealEngine/Engine/Plugins/Editor/AudioCapture/AudioCapture.uplugin
LogPluginManager: Loaded Plugin SuperSearchEditor, From /opt/UnrealEngine/Engine/Plugins/Editor/SuperSearchEditor/SuperSearchEditor.uplugin
LogPluginManager: Loaded Plugin PluginBrowser, From /opt/UnrealEngine/Engine/Plugins/Editor/PluginBrowser/PluginBrowser.uplugin
LogPluginManager: Loaded Plugin MacGraphicsSwitching, From /opt/UnrealEngine/Engine/Plugins/Editor/MacGraphicsSwitching/MacGraphicsSwitching.uplugin
LogPluginManager: Loaded Plugin LevelSequenceEditor, From /opt/UnrealEngine/Engine/Plugins/MovieScene/LevelSequenceEditor/LevelSequenceEditor.uplugin
LogPluginManager: Loaded Plugin MatineeToLevelSequence, From /opt/UnrealEngine/Engine/Plugins/MovieScene/MatineeToLevelSequence/MatineeToLevelSequence.uplugin
LogPluginManager: Loaded Plugin FunctionalTestingEditor, From /opt/UnrealEngine/Engine/Plugins/Tests/FunctionalTestingEditor/FunctionalTestingEditor.uplugin
LogPluginManager: Loaded Plugin EditorTests, From /opt/UnrealEngine/Engine/Plugins/Tests/EditorTests/EditorTests.uplugin
LogPluginManager: Loaded Plugin ScreenshotTools, From /opt/UnrealEngine/Engine/Plugins/Tests/ScreenshotTools/ScreenshotTools.uplugin
LogPluginManager: Loaded Plugin RuntimeTests, From /opt/UnrealEngine/Engine/Plugins/Tests/RuntimeTests/RuntimeTests.uplugin
LogPluginManager: Loaded Plugin FbxAutomationTestBuilder, From /opt/UnrealEngine/Engine/Plugins/Tests/FbxAutomationTestBuilder/FbxAutomationTestBuilder.uplugin
LogPluginManager: Loaded Plugin SlateRemote, From /opt/UnrealEngine/Engine/Plugins/Slate/SlateRemote/SlateRemote.uplugin
LogPluginManager: Loaded Plugin CodeLiteSourceCodeAccess, From /opt/UnrealEngine/Engine/Plugins/Developer/CodeLiteSourceCodeAccess/CodeLiteSourceCodeAccess.uplugin
LogPluginManager: Loaded Plugin GitSourceControl, From /opt/UnrealEngine/Engine/Plugins/Developer/GitSourceControl/GitSourceControl.uplugin
LogPluginManager: Loaded Plugin SubversionSourceControl, From /opt/UnrealEngine/Engine/Plugins/Developer/SubversionSourceControl/SubversionSourceControl.uplugin
LogPluginManager: Loaded Plugin VisualStudioSourceCodeAccess, From /opt/UnrealEngine/Engine/Plugins/Developer/VisualStudioSourceCodeAccess/VisualStudioSourceCodeAccess.uplugin
LogPluginManager: Loaded Plugin UObjectPlugin, From /opt/UnrealEngine/Engine/Plugins/Developer/UObjectPlugin/UObjectPlugin.uplugin
LogPluginManager: Loaded Plugin XCodeSourceCodeAccess, From /opt/UnrealEngine/Engine/Plugins/Developer/XCodeSourceCodeAccess/XCodeSourceCodeAccess.uplugin
LogPluginManager: Loaded Plugin OneSkyLocalizationService, From /opt/UnrealEngine/Engine/Plugins/Developer/OneSkyLocalizationService/OneSkyLocalizationService.uplugin
LogPluginManager: Loaded Plugin PerforceSourceControl, From /opt/UnrealEngine/Engine/Plugins/Developer/PerforceSourceControl/PerforceSourceControl.uplugin
LogPluginManager: Loaded Plugin BlankPlugin, From /opt/UnrealEngine/Engine/Plugins/Developer/BlankPlugin/BlankPlugin.uplugin
LogPluginManager: Loaded Plugin NullSourceCodeAccess, From /opt/UnrealEngine/Engine/Plugins/Developer/NullSourceCodeAccess/NullSourceCodeAccess.uplugin
LogPluginManager: Loaded Plugin KDevelopSourceCodeAccess, From /opt/UnrealEngine/Engine/Plugins/Developer/KDevelopSourceCodeAccess/KDevelopSourceCodeAccess.uplugin
LogPluginManager: Loaded Plugin Paper2D, From /opt/UnrealEngine/Engine/Plugins/2D/Paper2D/Paper2D.uplugin
LogPluginManager: Loaded Plugin AvfMedia, From /opt/UnrealEngine/Engine/Plugins/Media/AvfMedia/AvfMedia.uplugin
LogPluginManager: Loaded Plugin MediaPlayerEditor, From /opt/UnrealEngine/Engine/Plugins/Media/MediaPlayerEditor/MediaPlayerEditor.uplugin
LogPluginManager: Loaded Plugin WmfMedia, From /opt/UnrealEngine/Engine/Plugins/Media/WmfMedia/WmfMedia.uplugin
LogPluginManager: Loaded Plugin AndroidMedia, From /opt/UnrealEngine/Engine/Plugins/Media/AndroidMedia/AndroidMedia.uplugin
LogPluginManager: Loaded Plugin MobilePatchingUtils, From /opt/UnrealEngine/Engine/Plugins/Runtime/MobilePatchingUtils/MobilePatchingUtils.uplugin
LogPluginManager: Loaded Plugin AppleMoviePlayer, From /opt/UnrealEngine/Engine/Plugins/Runtime/AppleMoviePlayer/AppleMoviePlayer.uplugin
LogPluginManager: Loaded Plugin ArchVisCharacter, From /opt/UnrealEngine/Engine/Plugins/Runtime/ArchVisCharacter/ArchVisCharacter.uplugin
LogPluginManager: Loaded Plugin ExampleDeviceProfileSelector, From /opt/UnrealEngine/Engine/Plugins/Runtime/ExampleDeviceProfileSelector/ExampleDeviceProfileSelector.uplugin
LogPluginManager: Loaded Plugin WindowsMoviePlayer, From /opt/UnrealEngine/Engine/Plugins/Runtime/WindowsMoviePlayer/WindowsMoviePlayer.uplugin
LogPluginManager: Loaded Plugin Oodle, From /opt/UnrealEngine/Engine/Plugins/Runtime/PacketHandlers/CompressionComponents/Oodle/Oodle.uplugin
LogPluginManager: Loaded Plugin AndroidMoviePlayer, From /opt/UnrealEngine/Engine/Plugins/Runtime/AndroidMoviePlayer/AndroidMoviePlayer.uplugin
LogPluginManager: Loaded Plugin SteamController, From /opt/UnrealEngine/Engine/Plugins/Runtime/Steam/SteamController/SteamController.uplugin
LogPluginManager: Loaded Plugin SteamVR, From /opt/UnrealEngine/Engine/Plugins/Runtime/Steam/SteamVR/SteamVR.uplugin
LogPluginManager: Loaded Plugin SoundVisualizations, From /opt/UnrealEngine/Engine/Plugins/Runtime/SoundVisualizations/SoundVisualizations.uplugin
LogPluginManager: Loaded Plugin OculusRift, From /opt/UnrealEngine/Engine/Plugins/Runtime/OculusRift/OculusRift.uplugin
LogPluginManager: Loaded Plugin MIDIDevice, From /opt/UnrealEngine/Engine/Plugins/Runtime/MIDIDevice/MIDIDevice.uplugin
LogPluginManager: Loaded Plugin ProceduralMeshComponent, From /opt/UnrealEngine/Engine/Plugins/Runtime/ProceduralMeshComponent/ProceduralMeshComponent.uplugin
LogPluginManager: Loaded Plugin CableComponent, From /opt/UnrealEngine/Engine/Plugins/Runtime/CableComponent/CableComponent.uplugin
LogPluginManager: Loaded Plugin SoundMod, From /opt/UnrealEngine/Engine/Plugins/Runtime/SoundMod/SoundMod.uplugin
LogPluginManager: Loaded Plugin OculusLibrary, From /opt/UnrealEngine/Engine/Plugins/Runtime/OculusLibrary/OculusLibrary.uplugin
LogPluginManager: Loaded Plugin AnalyticsMulticast, From /opt/UnrealEngine/Engine/Plugins/Runtime/Analytics/AnalyticsMulticast/AnalyticsMulticast.uplugin
LogPluginManager: Loaded Plugin Flurry, From /opt/UnrealEngine/Engine/Plugins/Runtime/Analytics/Flurry/Flurry.uplugin
LogPluginManager: Loaded Plugin AnalyticsBlueprintLibrary, From /opt/UnrealEngine/Engine/Plugins/Runtime/Analytics/AnalyticsBlueprintLibrary/AnalyticsBlueprintLibrary.uplugin
LogPluginManager: Loaded Plugin FileLogging, From /opt/UnrealEngine/Engine/Plugins/Runtime/Analytics/FileLogging/FileLogging.uplugin
LogPluginManager: Loaded Plugin Apsalar, From /opt/UnrealEngine/Engine/Plugins/Runtime/Analytics/Apsalar/Apsalar.uplugin
LogPluginManager: Loaded Plugin CustomMeshComponent, From /opt/UnrealEngine/Engine/Plugins/Runtime/CustomMeshComponent/CustomMeshComponent.uplugin
LogPluginManager: Loaded Plugin TwitchLiveStreaming, From /opt/UnrealEngine/Engine/Plugins/Runtime/TwitchLiveStreaming/TwitchLiveStreaming.uplugin
LogPluginManager: Loaded Plugin GoogleVRController, From /opt/UnrealEngine/Engine/Plugins/Runtime/GoogleVR/GoogleVRController/GoogleVRController.uplugin
LogPluginManager: Loaded Plugin GoogleVRHMD, From /opt/UnrealEngine/Engine/Plugins/Runtime/GoogleVR/GoogleVRHMD/GoogleVRHMD.uplugin
LogPluginManager: Loaded Plugin AndroidDeviceProfileSelector, From /opt/UnrealEngine/Engine/Plugins/Runtime/AndroidDeviceProfileSelector/AndroidDeviceProfileSelector.uplugin
LogPluginManager: Loaded Plugin OculusAudio, From /opt/UnrealEngine/Engine/Plugins/Runtime/OculusAudio/OculusAudio.uplugin
LogPluginManager: Loaded Plugin IOSTapJoy, From /opt/UnrealEngine/Engine/Plugins/Runtime/Advertising/IOSTapJoy/IOSTapJoy.uplugin
LogPluginManager: Loaded Plugin OculusInput, From /opt/UnrealEngine/Engine/Plugins/Runtime/OculusInput/OculusInput.uplugin
LogPluginManager: Loaded Plugin WebBrowserWidget, From /opt/UnrealEngine/Engine/Plugins/Runtime/WebBrowserWidget/WebBrowserWidget.uplugin
LogPluginManager: Loaded Plugin IOSDeviceProfileSelector, From /opt/UnrealEngine/Engine/Plugins/Runtime/IOSDeviceProfileSelector/IOSDeviceProfileSelector.uplugin
LogPluginManager: Loaded Plugin LinuxDeviceProfileSelector, From /opt/UnrealEngine/Engine/Plugins/Runtime/LinuxDeviceProfileSelector/LinuxDeviceProfileSelector.uplugin
LogPluginManager: Loaded Plugin Ansel, From /opt/UnrealEngine/Engine/Plugins/Runtime/Nvidia/Ansel/Ansel.uplugin
LogPluginManager: Loaded Plugin WindowsDeviceProfileSelector, From /opt/UnrealEngine/Engine/Plugins/Runtime/WindowsDeviceProfileSelector/WindowsDeviceProfileSelector.uplugin
LogPluginManager: Loaded Plugin LeapMotion, From /opt/UnrealEngine/Engine/Plugins/Runtime/LeapMotion/LeapMotion.uplugin
LogPluginManager: Loaded Plugin GearVR, From /opt/UnrealEngine/Engine/Plugins/Runtime/GearVR/GearVR.uplugin
LogPluginManager: Loaded Plugin MessagingDebugger, From /opt/UnrealEngine/Engine/Plugins/Messaging/MessagingDebugger/MessagingDebugger.uplugin
LogPluginManager: Loaded Plugin TcpMessaging, From /opt/UnrealEngine/Engine/Plugins/Messaging/TcpMessaging/TcpMessaging.uplugin
LogPluginManager: Loaded Plugin UdpMessaging, From /opt/UnrealEngine/Engine/Plugins/Messaging/UdpMessaging/UdpMessaging.uplugin
LogPluginManager: Loaded Plugin OnlineSubsystemAmazon, From /opt/UnrealEngine/Engine/Plugins/Online/OnlineSubsystemAmazon/OnlineSubsystemAmazon.uplugin
LogPluginManager: Loaded Plugin OnlineSubsystemGooglePlay, From /opt/UnrealEngine/Engine/Plugins/Online/Android/OnlineSubsystemGooglePlay/OnlineSubsystemGooglePlay.uplugin
LogPluginManager: Loaded Plugin OnlineSubsystemGameCircle, From /opt/UnrealEngine/Engine/Plugins/Online/Android/OnlineSubsystemGameCircle/OnlineSubsystemGameCircle.uplugin
LogPluginManager: Loaded Plugin OnlineSubsystemSteam, From /opt/UnrealEngine/Engine/Plugins/Online/OnlineSubsystemSteam/OnlineSubsystemSteam.uplugin
LogPluginManager: Loaded Plugin OnlineFramework, From /opt/UnrealEngine/Engine/Plugins/Online/OnlineFramework/OnlineFramework.uplugin
LogPluginManager: Loaded Plugin OnlineSubsystemIOS, From /opt/UnrealEngine/Engine/Plugins/Online/IOS/OnlineSubsystemIOS/OnlineSubsystemIOS.uplugin
LogPluginManager: Loaded Plugin OnlineSubsystem, From /opt/UnrealEngine/Engine/Plugins/Online/OnlineSubsystem/OnlineSubsystem.uplugin
LogPluginManager: Loaded Plugin OnlineSubsystemOculus, From /opt/UnrealEngine/Engine/Plugins/Online/OnlineSubsystemOculus/OnlineSubsystemOculus.uplugin
LogPluginManager: Loaded Plugin OnlineSubsystemNull, From /opt/UnrealEngine/Engine/Plugins/Online/OnlineSubsystemNull/OnlineSubsystemNull.uplugin
LogPluginManager: Loaded Plugin OnlineSubsystemUtils, From /opt/UnrealEngine/Engine/Plugins/Online/OnlineSubsystemUtils/OnlineSubsystemUtils.uplugin
LogPluginManager: Loaded Plugin OnlineSubsystemFacebook, From /opt/UnrealEngine/Engine/Plugins/Online/OnlineSubsystemFacebook/OnlineSubsystemFacebook.uplugin
LogPluginManager: Loaded Plugin LightPropagationVolume, From /opt/UnrealEngine/Engine/Plugins/Blendables/LightPropagationVolume/LightPropagationVolume.uplugin
LogPluginManager: Loaded Plugin NUTUnrealEngine4, From /opt/UnrealEngine/Engine/Plugins/NetcodeUnitTest/NUTUnrealEngine4/NUTUnrealEngine4.uplugin
LogPluginManager: Loaded Plugin NetcodeUnitTest, From /opt/UnrealEngine/Engine/Plugins/NetcodeUnitTest/NetcodeUnitTest/NetcodeUnitTest.uplugin
LogPluginManager: Loaded Plugin ScriptPlugin, From /opt/UnrealEngine/Engine/Plugins/ScriptPlugin/ScriptPlugin.uplugin
LogModuleManager:Warning: No filename provided for module XMPP
LogModuleManager:Warning: ModuleManager: Unable to load module 'XMPP' because the file '/opt/UnrealEngine/Engine/Binaries/Linux/' was not found.
LogInit: Using libcurl 7.46.0
LogInit:  - built for x86_64-pc-linux-gnu
LogInit:  - supports SSL with OpenSSL/1.0.2d
LogInit:  - supports HTTP deflate (compression) using libz 1.2.8
LogInit:  - other features:
LogInit:      CURL_VERSION_SSL
LogInit:      CURL_VERSION_LIBZ
LogInit:      CURL_VERSION_IPV6
LogInit:      CURL_VERSION_ASYNCHDNS
LogInit:      CURL_VERSION_LARGEFILE
LogInit:      CURL_VERSION_TLSAUTH_SRP
LogInit:  Libcurl: checking if '/etc/pki/tls/certs/ca-bundle.crt' exists
LogInit:  Libcurl: checking if '/etc/ssl/certs/ca-certificates.crt' exists
LogInit:  CurlRequestOptions (configurable via config and command line):
LogInit:  - bVerifyPeer = true  - Libcurl will verify peer certificate
LogInit:  - bUseHttpProxy = false  - Libcurl will NOT use HTTP proxy
LogInit:  - bDontReuseConnections = false  - Libcurl will reuse connections
LogInit:  - CertBundlePath = /etc/ssl/certs/ca-certificates.crt  - Libcurl will set CURLOPT_CAINFO to it
LogInit: Build: ++UE4+Release-4.14-CL-0
LogInit: Engine Version: 4.14.1-0+++UE4+Release-4.14
LogInit: Compatible Engine Version: 4.14.0-0+++UE4+Release-4.14
LogInit: Net CL: 0
LogDevObjectVersion: Number of dev versions registered: 13
LogDevObjectVersion:   Dev-Blueprints (B0D832E4-1F89-4F0D-ACCF-7EB736FD4AA2): 7
LogDevObjectVersion:   Dev-Build (E1C64328-A22C-4D53-A36C-8E866417BD8C): 0
LogDevObjectVersion:   Dev-Core (375EC13C-06E4-48FB-B500-84F0262A717E): 1
LogDevObjectVersion:   Dev-Editor (E4B068ED-F494-42E9-A231-DA0B2E46BB41): 8
LogDevObjectVersion:   Dev-Framework (CFFC743F-43B0-4480-9391-14DF171D2073): 17
LogDevObjectVersion:   Dev-Mobile (B02B49B5-BB20-44E9-A304-32B752E40360): 0
LogDevObjectVersion:   Dev-Networking (A4E4105C-59A1-49B5-A7C5-40C4547EDFEE): 0
LogDevObjectVersion:   Dev-Online (39C831C9-5AE6-47DC-9A44-9C173E1C8E7C): 0
LogDevObjectVersion:   Dev-Physics (78F01B33-EBEA-4F98-B9B4-84EACCB95AA2): 0
LogDevObjectVersion:   Dev-Platform (6631380F-2D4D-43E0-8009-CF276956A95A): 0
LogDevObjectVersion:   Dev-Rendering (12F88B9F-8875-4AFC-A67C-D90C383ABD29): 12
LogDevObjectVersion:   Dev-Sequencer (7B5AE74C-D270-4C10-A958-57980B212A5A): 1
LogDevObjectVersion:   Dev-VR (D7296918-1DD6-4BDD-9DE2-64A83CC13884): 0
LogInit: Compiled (64-bit): Dec 12 2016 19:37:00
LogInit: Compiled with Clang: 3.8.0 (tags/RELEASE_380/final)
LogInit: Build Configuration: Development
LogInit: Branch Name: ++UE4+Release-4.14
LogInit: Command line: 
LogInit: Base directory: /opt/UnrealEngine/Engine/Binaries/Linux/
LogInit: Installed Engine Build: 0
LogInit: Presizing for max 8388607 objects, including 0 objects not considered by GC, pre-allocating 0 bytes for permanent pool.
LogInit: Object subsystem initialized
[2016.12.12-21.27.11:999][  0]LogInit: Initializing SDL.
[2016.12.12-21.27.14:831][  0]LogInit: Initialized SDL 2.0.4 revision: 10374 (hg-10374:dccf51aee79b with EpicExtensions) (compiled against 2.0.4)
[2016.12.12-21.27.14:832][  0]LogInit: Display metrics:
[2016.12.12-21.27.14:832][  0]LogInit:   PrimaryDisplayWidth: 1920
[2016.12.12-21.27.14:832][  0]LogInit:   PrimaryDisplayHeight: 1080
[2016.12.12-21.27.14:832][  0]LogInit:   PrimaryDisplayWorkAreaRect:
[2016.12.12-21.27.14:832][  0]LogInit:     Left=39, Top=24, Right=1920, Bottom=1080
[2016.12.12-21.27.14:832][  0]LogInit:   VirtualDisplayRect:
[2016.12.12-21.27.14:832][  0]LogInit:     Left=39, Top=24, Right=1920, Bottom=1080
[2016.12.12-21.27.14:832][  0]LogInit:   TitleSafePaddingSize: X=0.000 Y=0.000
[2016.12.12-21.27.14:832][  0]LogInit:   ActionSafePaddingSize: X=0.000 Y=0.000
[2016.12.12-21.27.14:832][  0]LogInit:   Number of monitors: 1
[2016.12.12-21.27.14:832][  0]LogInit:     Monitor 0
[2016.12.12-21.27.14:832][  0]LogInit:       Name: ASUS VS229 22"
[2016.12.12-21.27.14:832][  0]LogInit:       ID: display0
[2016.12.12-21.27.14:832][  0]LogInit:       NativeWidth: 1920
[2016.12.12-21.27.14:832][  0]LogInit:       NativeHeight: 1080
[2016.12.12-21.27.14:832][  0]LogInit:       bIsPrimary: true
[2016.12.12-21.27.14:832][  0]LogLinux: Selected Device Profile: [Linux]
[2016.12.12-21.27.14:832][  0]LogInit: Applying CVar settings loaded from the selected device profile: [Linux]
[2016.12.12-21.27.15:021][  0]LogInit: Linux hardware info:
[2016.12.12-21.27.15:021][  0]LogInit:  - we are the first instance of this executable
[2016.12.12-21.27.15:021][  0]LogInit:  - this process' id (pid) is 5737, parent process' id (ppid) is 349
[2016.12.12-21.27.15:021][  0]LogInit:  - we are not running under debugger
[2016.12.12-21.27.15:021][  0]LogInit:  - machine network name is 'hmenn'
[2016.12.12-21.27.15:021][  0]LogInit:  - user name is 'hasan' (hasan)
[2016.12.12-21.27.15:021][  0]LogInit:  - we're logged in locally
[2016.12.12-21.27.15:021][  0]LogInit:  - we're running with rendering
[2016.12.12-21.27.15:022][  0]LogInit:  - CPU: GenuineIntel 'Intel(R) Core(TM) i5-5200U CPU @ 2.20GHz' (signature: 0x306D4)
[2016.12.12-21.27.15:022][  0]LogInit:  - Number of physical cores available for the process: 2
[2016.12.12-21.27.15:022][  0]LogInit:  - Number of logical cores available for the process: 4
[2016.12.12-21.27.15:022][  0]LogInit:  - Cache line size: 64
[2016.12.12-21.27.15:022][  0]LogInit:  - Memory allocator used: binned
[2016.12.12-21.27.15:022][  0]LogLinux: Benchmarking clocks:
[2016.12.12-21.27.15:022][  0]LogLinux:  - CLOCK_REALTIME (id=0) can sustain 44601926 (44602K, 45M) calls per second without zero deltas.
[2016.12.12-21.27.15:022][  0]LogLinux:  - CLOCK_MONOTONIC (id=1) can sustain 43060902 (43061K, 43M) calls per second without zero deltas.
[2016.12.12-21.27.15:022][  0]LogLinux:  - CLOCK_MONOTONIC_RAW (id=4) can sustain 9436719 (9437K, 9M) calls per second without zero deltas.
[2016.12.12-21.27.15:022][  0]LogLinux:  - CLOCK_MONOTONIC_COARSE (id=6) can sustain 139095425 (139095K, 139M) calls per second with 99.999813% zero deltas.
[2016.12.12-21.27.15:022][  0]LogLinux: Selected clock_id 0 (CLOCK_REALTIME) since it is the fastest support clock without zero deltas.
[2016.12.12-21.27.15:022][  0]LogInit: Linux-specific commandline switches:
[2016.12.12-21.27.15:022][  0]LogInit:  -nodwarf (currently OFF): suppress parsing of DWARF debug info (callstacks will be generated faster, but won't have line numbers)
[2016.12.12-21.27.15:022][  0]LogInit:  -ansimalloc - use malloc()/free() from libc (useful for tools like valgrind and electric fence)
[2016.12.12-21.27.15:022][  0]LogInit:  -jemalloc - use jemalloc for all memory allocation
[2016.12.12-21.27.15:022][  0]LogInit:  -binnedmalloc - use binned malloc  for all memory allocation
[2016.12.12-21.27.15:022][  0]LogInit:  -httpproxy=ADDRESS:PORT - redirects HTTP requests to a proxy (only supported if compiled with libcurl)
[2016.12.12-21.27.15:022][  0]LogInit:  -reuseconn - allow libcurl to reuse HTTP connections (only matters if compiled with libcurl)
[2016.12.12-21.27.15:022][  0]LogInit:  -virtmemkb=NUMBER - sets process virtual memory (address space) limit (overrides VirtualMemoryLimitInKB value from .ini)
[2016.12.12-21.27.15:022][  0]LogInit:  - Physical RAM available (not considering process quota): 12 GB (11929 MB, 12216056 KB, 12509241344 bytes)
[2016.12.12-21.27.15:634][  0]LogTextLocalizationManager: No specific translations for ('en-US') exist, so ('en') translations will be used.
[2016.12.12-21.27.24:545][  0]LogRHI: Initializing OpenGL RHI
[2016.12.12-21.27.24:545][  0]LogRHI:   GL_VENDOR: Intel Open Source Technology Center
[2016.12.12-21.27.24:545][  0]LogRHI:   GL_RENDERER: Mesa DRI Intel(R) HD Graphics 5500 (Broadwell GT2) 
[2016.12.12-21.27.24:545][  0]LogRHI:   GL_VERSION: 3.3 (Core Profile) Mesa 11.2.0
[2016.12.12-21.27.24:545][  0]LogRHI:   GL_SHADING_LANGUAGE_VERSION: 3.30
[2016.12.12-21.27.24:545][  0]LogRHI: OpenGL Extensions:
[2016.12.12-21.27.24:545][  0]LogRHI:   GL_3DFX_texture_compression_FXT1
[2016.12.12-21.27.24:545][  0]LogRHI:   GL_AMD_conservative_depth
[2016.12.12-21.27.24:545][  0]LogRHI:   GL_AMD_draw_buffers_blend
[2016.12.12-21.27.24:545][  0]LogRHI:   GL_AMD_seamless_cubemap_per_texture
[2016.12.12-21.27.24:545][  0]LogRHI:   GL_AMD_shader_trinary_minmax
[2016.12.12-21.27.24:545][  0]LogRHI:   GL_AMD_vertex_shader_layer
[2016.12.12-21.27.24:545][  0]LogRHI:   GL_AMD_vertex_shader_viewport_index
[2016.12.12-21.27.24:545][  0]LogRHI:   GL_ANGLE_texture_compression_dxt3
[2016.12.12-21.27.24:545][  0]LogRHI:   GL_ANGLE_texture_compression_dxt5
[2016.12.12-21.27.24:545][  0]LogRHI:   GL_APPLE_object_purgeable
[2016.12.12-21.27.24:545][  0]LogRHI:   GL_ARB_ES2_compatibility
[2016.12.12-21.27.24:545][  0]LogRHI:   GL_ARB_ES3_compatibility
[2016.12.12-21.27.24:545][  0]LogRHI:   GL_ARB_arrays_of_arrays
[2016.12.12-21.27.24:545][  0]LogRHI:   GL_ARB_base_instance
[2016.12.12-21.27.24:545][  0]LogRHI:   GL_ARB_blend_func_extended
[2016.12.12-21.27.24:545][  0]LogRHI:   GL_ARB_buffer_storage
[2016.12.12-21.27.24:545][  0]LogRHI:   GL_ARB_clear_buffer_object
[2016.12.12-21.27.24:545][  0]LogRHI:   GL_ARB_clear_texture
[2016.12.12-21.27.24:545][  0]LogRHI:   GL_ARB_clip_control
[2016.12.12-21.27.24:545][  0]LogRHI:   GL_ARB_compressed_texture_pixel_storage
[2016.12.12-21.27.24:545][  0]LogRHI:   GL_ARB_conditional_render_inverted
[2016.12.12-21.27.24:545][  0]LogRHI:   GL_ARB_conservative_depth
[2016.12.12-21.27.24:545][  0]LogRHI:   GL_ARB_copy_buffer
[2016.12.12-21.27.24:545][  0]LogRHI:   GL_ARB_copy_image
[2016.12.12-21.27.24:545][  0]LogRHI:   GL_ARB_debug_output
[2016.12.12-21.27.24:545][  0]LogRHI:   GL_ARB_depth_buffer_float
[2016.12.12-21.27.24:545][  0]LogRHI:   GL_ARB_depth_clamp
[2016.12.12-21.27.24:545][  0]LogRHI:   GL_ARB_derivative_control
[2016.12.12-21.27.24:545][  0]LogRHI:   GL_ARB_direct_state_access
[2016.12.12-21.27.24:545][  0]LogRHI:   GL_ARB_draw_buffers
[2016.12.12-21.27.24:545][  0]LogRHI:   GL_ARB_draw_buffers_blend
[2016.12.12-21.27.24:545][  0]LogRHI:   GL_ARB_draw_elements_base_vertex
[2016.12.12-21.27.24:545][  0]LogRHI:   GL_ARB_draw_indirect
[2016.12.12-21.27.24:545][  0]LogRHI:   GL_ARB_draw_instanced
[2016.12.12-21.27.24:545][  0]LogRHI:   GL_ARB_explicit_attrib_location
[2016.12.12-21.27.24:545][  0]LogRHI:   GL_ARB_explicit_uniform_location
[2016.12.12-21.27.24:545][  0]LogRHI:   GL_ARB_fragment_coord_conventions
[2016.12.12-21.27.24:545][  0]LogRHI:   GL_ARB_fragment_layer_viewport
[2016.12.12-21.27.24:545][  0]LogRHI:   GL_ARB_fragment_shader
[2016.12.12-21.27.24:545][  0]LogRHI:   GL_ARB_framebuffer_no_attachments
[2016.12.12-21.27.24:545][  0]LogRHI:   GL_ARB_framebuffer_object
[2016.12.12-21.27.24:545][  0]LogRHI:   GL_ARB_framebuffer_sRGB
[2016.12.12-21.27.24:545][  0]LogRHI:   GL_ARB_get_program_binary
[2016.12.12-21.27.24:545][  0]LogRHI:   GL_ARB_get_texture_sub_image
[2016.12.12-21.27.24:545][  0]LogRHI:   GL_ARB_gpu_shader5
[2016.12.12-21.27.24:545][  0]LogRHI:   GL_ARB_half_float_pixel
[2016.12.12-21.27.24:545][  0]LogRHI:   GL_ARB_half_float_vertex
[2016.12.12-21.27.24:545][  0]LogRHI:   GL_ARB_instanced_arrays
[2016.12.12-21.27.24:545][  0]LogRHI:   GL_ARB_internalformat_query
[2016.12.12-21.27.24:545][  0]LogRHI:   GL_ARB_invalidate_subdata
[2016.12.12-21.27.24:545][  0]LogRHI:   GL_ARB_map_buffer_alignment
[2016.12.12-21.27.24:545][  0]LogRHI:   GL_ARB_map_buffer_range
[2016.12.12-21.27.24:545][  0]LogRHI:   GL_ARB_multi_bind
[2016.12.12-21.27.24:545][  0]LogRHI:   GL_ARB_multi_draw_indirect
[2016.12.12-21.27.24:545][  0]LogRHI:   GL_ARB_occlusion_query2
[2016.12.12-21.27.24:546][  0]LogRHI:   GL_ARB_pipeline_statistics_query
[2016.12.12-21.27.24:546][  0]LogRHI:   GL_ARB_pixel_buffer_object
[2016.12.12-21.27.24:546][  0]LogRHI:   GL_ARB_point_sprite
[2016.12.12-21.27.24:546][  0]LogRHI:   GL_ARB_program_interface_query
[2016.12.12-21.27.24:546][  0]LogRHI:   GL_ARB_provoking_vertex
[2016.12.12-21.27.24:546][  0]LogRHI:   GL_ARB_robustness
[2016.12.12-21.27.24:546][  0]LogRHI:   GL_ARB_sample_shading
[2016.12.12-21.27.24:546][  0]LogRHI:   GL_ARB_sampler_objects
[2016.12.12-21.27.24:546][  0]LogRHI:   GL_ARB_seamless_cube_map
[2016.12.12-21.27.24:546][  0]LogRHI:   GL_ARB_seamless_cubemap_per_texture
[2016.12.12-21.27.24:546][  0]LogRHI:   GL_ARB_separate_shader_objects
[2016.12.12-21.27.24:546][  0]LogRHI:   GL_ARB_shader_atomic_counters
[2016.12.12-21.27.24:546][  0]LogRHI:   GL_ARB_shader_bit_encoding
[2016.12.12-21.27.24:546][  0]LogRHI:   GL_ARB_shader_clock
[2016.12.12-21.27.24:546][  0]LogRHI:   GL_ARB_shader_draw_parameters
[2016.12.12-21.27.24:546][  0]LogRHI:   GL_ARB_shader_image_load_store
[2016.12.12-21.27.24:546][  0]LogRHI:   GL_ARB_shader_image_size
[2016.12.12-21.27.24:546][  0]LogRHI:   GL_ARB_shader_objects
[2016.12.12-21.27.24:546][  0]LogRHI:   GL_ARB_shader_storage_buffer_object
[2016.12.12-21.27.24:546][  0]LogRHI:   GL_ARB_shader_subroutine
[2016.12.12-21.27.24:546][  0]LogRHI:   GL_ARB_shader_texture_image_samples
[2016.12.12-21.27.24:546][  0]LogRHI:   GL_ARB_shader_texture_lod
[2016.12.12-21.27.24:546][  0]LogRHI:   GL_ARB_shading_language_420pack
[2016.12.12-21.27.24:546][  0]LogRHI:   GL_ARB_shading_language_packing
[2016.12.12-21.27.24:546][  0]LogRHI:   GL_ARB_stencil_texturing
[2016.12.12-21.27.24:546][  0]LogRHI:   GL_ARB_sync
[2016.12.12-21.27.24:546][  0]LogRHI:   GL_ARB_tessellation_shader
[2016.12.12-21.27.24:546][  0]LogRHI:   GL_ARB_texture_barrier
[2016.12.12-21.27.24:546][  0]LogRHI:   GL_ARB_texture_buffer_object
[2016.12.12-21.27.24:546][  0]LogRHI:   GL_ARB_texture_buffer_object_rgb32
[2016.12.12-21.27.24:546][  0]LogRHI:   GL_ARB_texture_buffer_range
[2016.12.12-21.27.24:546][  0]LogRHI:   GL_ARB_texture_compression_bptc
[2016.12.12-21.27.24:546][  0]LogRHI:   GL_ARB_texture_compression_rgtc
[2016.12.12-21.27.24:546][  0]LogRHI:   GL_ARB_texture_cube_map_array
[2016.12.12-21.27.24:546][  0]LogRHI:   GL_ARB_texture_float
[2016.12.12-21.27.24:546][  0]LogRHI:   GL_ARB_texture_gather
[2016.12.12-21.27.24:546][  0]LogRHI:   GL_ARB_texture_mirror_clamp_to_edge
[2016.12.12-21.27.24:546][  0]LogRHI:   GL_ARB_texture_multisample
[2016.12.12-21.27.24:546][  0]LogRHI:   GL_ARB_texture_non_power_of_two
[2016.12.12-21.27.24:546][  0]LogRHI:   GL_ARB_texture_query_levels
[2016.12.12-21.27.24:546][  0]LogRHI:   GL_ARB_texture_query_lod
[2016.12.12-21.27.24:546][  0]LogRHI:   GL_ARB_texture_rectangle
[2016.12.12-21.27.24:546][  0]LogRHI:   GL_ARB_texture_rg
[2016.12.12-21.27.24:546][  0]LogRHI:   GL_ARB_texture_rgb10_a2ui
[2016.12.12-21.27.24:546][  0]LogRHI:   GL_ARB_texture_storage
[2016.12.12-21.27.24:546][  0]LogRHI:   GL_ARB_texture_storage_multisample
[2016.12.12-21.27.24:546][  0]LogRHI:   GL_ARB_texture_swizzle
[2016.12.12-21.27.24:546][  0]LogRHI:   GL_ARB_texture_view
[2016.12.12-21.27.24:546][  0]LogRHI:   GL_ARB_timer_query
[2016.12.12-21.27.24:546][  0]LogRHI:   GL_ARB_transform_feedback2
[2016.12.12-21.27.24:546][  0]LogRHI:   GL_ARB_transform_feedback3
[2016.12.12-21.27.24:546][  0]LogRHI:   GL_ARB_transform_feedback_instanced
[2016.12.12-21.27.24:546][  0]LogRHI:   GL_ARB_uniform_buffer_object
[2016.12.12-21.27.24:546][  0]LogRHI:   GL_ARB_vertex_array_bgra
[2016.12.12-21.27.24:546][  0]LogRHI:   GL_ARB_vertex_array_object
[2016.12.12-21.27.24:546][  0]LogRHI:   GL_ARB_vertex_attrib_binding
[2016.12.12-21.27.24:546][  0]LogRHI:   GL_ARB_vertex_shader
[2016.12.12-21.27.24:546][  0]LogRHI:   GL_ARB_vertex_type_10f_11f_11f_rev
[2016.12.12-21.27.24:546][  0]LogRHI:   GL_ARB_vertex_type_2_10_10_10_rev
[2016.12.12-21.27.24:546][  0]LogRHI:   GL_ARB_viewport_array
[2016.12.12-21.27.24:546][  0]LogRHI:   GL_ATI_blend_equation_separate
[2016.12.12-21.27.24:546][  0]LogRHI:   GL_ATI_texture_float
[2016.12.12-21.27.24:546][  0]LogRHI:   GL_EXT_abgr
[2016.12.12-21.27.24:546][  0]LogRHI:   GL_EXT_blend_equation_separate
[2016.12.12-21.27.24:546][  0]LogRHI:   GL_EXT_draw_buffers2
[2016.12.12-21.27.24:546][  0]LogRHI:   GL_EXT_draw_instanced
[2016.12.12-21.27.24:546][  0]LogRHI:   GL_EXT_framebuffer_blit
[2016.12.12-21.27.24:546][  0]LogRHI:   GL_EXT_framebuffer_multisample
[2016.12.12-21.27.24:546][  0]LogRHI:   GL_EXT_framebuffer_multisample_blit_scaled
[2016.12.12-21.27.24:546][  0]LogRHI:   GL_EXT_framebuffer_sRGB
[2016.12.12-21.27.24:546][  0]LogRHI:   GL_EXT_packed_depth_stencil
[2016.12.12-21.27.24:547][  0]LogRHI:   GL_EXT_packed_float
[2016.12.12-21.27.24:547][  0]LogRHI:   GL_EXT_pixel_buffer_object
[2016.12.12-21.27.24:547][  0]LogRHI:   GL_EXT_polygon_offset_clamp
[2016.12.12-21.27.24:547][  0]LogRHI:   GL_EXT_provoking_vertex
[2016.12.12-21.27.24:547][  0]LogRHI:   GL_EXT_shader_integer_mix
[2016.12.12-21.27.24:547][  0]LogRHI:   GL_EXT_shader_samples_identical
[2016.12.12-21.27.24:547][  0]LogRHI:   GL_EXT_texture_array
[2016.12.12-21.27.24:547][  0]LogRHI:   GL_EXT_texture_compression_dxt1
[2016.12.12-21.27.24:547][  0]LogRHI:   GL_EXT_texture_compression_rgtc
[2016.12.12-21.27.24:547][  0]LogRHI:   GL_EXT_texture_compression_s3tc
[2016.12.12-21.27.24:547][  0]LogRHI:   GL_EXT_texture_filter_anisotropic
[2016.12.12-21.27.24:547][  0]LogRHI:   GL_EXT_texture_integer
[2016.12.12-21.27.24:547][  0]LogRHI:   GL_EXT_texture_sRGB
[2016.12.12-21.27.24:547][  0]LogRHI:   GL_EXT_texture_sRGB_decode
[2016.12.12-21.27.24:547][  0]LogRHI:   GL_EXT_texture_shared_exponent
[2016.12.12-21.27.24:547][  0]LogRHI:   GL_EXT_texture_snorm
[2016.12.12-21.27.24:547][  0]LogRHI:   GL_EXT_texture_swizzle
[2016.12.12-21.27.24:547][  0]LogRHI:   GL_EXT_timer_query
[2016.12.12-21.27.24:547][  0]LogRHI:   GL_EXT_transform_feedback
[2016.12.12-21.27.24:547][  0]LogRHI:   GL_EXT_vertex_array_bgra
[2016.12.12-21.27.24:547][  0]LogRHI:   GL_IBM_multimode_draw_arrays
[2016.12.12-21.27.24:547][  0]LogRHI:   GL_KHR_context_flush_control
[2016.12.12-21.27.24:547][  0]LogRHI:   GL_KHR_debug
[2016.12.12-21.27.24:547][  0]LogRHI:   GL_MESA_pack_invert
[2016.12.12-21.27.24:547][  0]LogRHI:   GL_MESA_texture_signed_rgba
[2016.12.12-21.27.24:547][  0]LogRHI:   GL_NV_conditional_render
[2016.12.12-21.27.24:547][  0]LogRHI:   GL_NV_depth_clamp
[2016.12.12-21.27.24:547][  0]LogRHI:   GL_NV_packed_depth_stencil
[2016.12.12-21.27.24:547][  0]LogRHI:   GL_NV_texture_barrier
[2016.12.12-21.27.24:547][  0]LogRHI:   GL_OES_EGL_image
[2016.12.12-21.27.24:547][  0]LogRHI:   GL_OES_read_format
[2016.12.12-21.27.24:547][  0]LogRHI:   GL_S3_s3tc
[2016.12.12-21.27.24:549][  0]LogRHI:   GL_MAX_TEXTURE_SIZE: 8192
[2016.12.12-21.27.24:549][  0]LogRHI:   GL_MAX_CUBE_MAP_TEXTURE_SIZE: 8192
[2016.12.12-21.27.24:549][  0]LogRHI:   GL_MAX_ARRAY_TEXTURE_LAYERS: 2048
[2016.12.12-21.27.24:549][  0]LogRHI:   GL_MAX_3D_TEXTURE_SIZE: 2048
[2016.12.12-21.27.24:549][  0]LogRHI:   GL_MAX_RENDERBUFFER_SIZE: 8192
[2016.12.12-21.27.24:549][  0]LogRHI:   GL_MAX_TEXTURE_IMAGE_UNITS: 32
[2016.12.12-21.27.24:549][  0]LogRHI:   GL_MAX_DRAW_BUFFERS: 8
[2016.12.12-21.27.24:549][  0]LogRHI:   GL_MAX_COLOR_ATTACHMENTS: 8
[2016.12.12-21.27.24:549][  0]LogRHI:   GL_MAX_SAMPLES: 8
[2016.12.12-21.27.24:549][  0]LogRHI:   GL_MAX_COLOR_TEXTURE_SAMPLES: 8
[2016.12.12-21.27.24:549][  0]LogRHI:   GL_MAX_DEPTH_TEXTURE_SAMPLES: 8
[2016.12.12-21.27.24:549][  0]LogRHI:   GL_MAX_INTEGER_SAMPLES: 8
[2016.12.12-21.27.24:549][  0]LogRHI:   GL_MAX_COMBINED_TEXTURE_IMAGE_UNITS: 160
[2016.12.12-21.27.24:549][  0]LogRHI:   GL_MAX_VERTEX_ATTRIBS: 16
[2016.12.12-21.27.24:549][  0]LogRHI:   GL_MAX_TEXTURE_MAX_ANISOTROPY_EXT: 16
[2016.12.12-21.27.24:549][  0]LogRHI: OpenGL MajorVersion = 3, MinorVersion = 3, ShaderPlatform = GLSL_150, FeatureLevel = SM4
[2016.12.12-21.27.24:738][  0]LogShaderCompilers: Guid format shader working directory is 15 characters bigger than the processId version (../../../../../home/hasan/Desktop/BallAndPlate 4.14/Intermediate/Shaders/WorkingDirectory/5737/).
[2016.12.12-21.27.24:738][  0]LogShaderCompilers: Cleaned the shader compiler working directory '../../../../../home/hasan/Desktop/BallAndPlate 4.14/Intermediate/Shaders/tmp/0003DBF1180C000D001B02E2C5104DE8/'.
[2016.12.12-21.27.24:738][  0]LogShaderCompilers:Display: Using Local Shader Compiler.
[2016.12.12-21.27.29:046][  0]LogTemp:Display: Loaded TP AllDesktopTargetPlatform
[2016.12.12-21.27.29:134][  0]LogTemp:Display: Loaded TP Android_ATCTargetPlatform
[2016.12.12-21.27.29:224][  0]LogTemp:Display: Loaded TP Android_PVRTCTargetPlatform
[2016.12.12-21.27.29:658][  0]LogTemp:Display: Loaded TP Android_MultiTargetPlatform
[2016.12.12-21.27.29:658][  0]LogTemp:Display: Loaded TP Android_ASTCTargetPlatform
[2016.12.12-21.27.29:658][  0]LogTemp:Display: Loaded TP Android_DXTTargetPlatform
[2016.12.12-21.27.29:658][  0]LogTemp:Display: Loaded TP Android_ETC2TargetPlatform
[2016.12.12-21.27.29:658][  0]LogTemp:Display: Loaded TP Android_ETC1TargetPlatform
[2016.12.12-21.27.29:791][  0]LogTemp:Display: Loaded TP AndroidTargetPlatform
[2016.12.12-21.27.29:856][  0]LogTemp:Display: Failed to get target platform HTML5TargetPlatform
[2016.12.12-21.27.29:950][  0]LogTemp:Display: Loaded TP LinuxNoEditorTargetPlatform
[2016.12.12-21.27.30:036][  0]LogTemp:Display: Loaded TP LinuxClientTargetPlatform
[2016.12.12-21.27.30:109][  0]LogTemp:Display: Loaded TP LinuxTargetPlatform
[2016.12.12-21.27.30:198][  0]LogTemp:Display: Loaded TP LinuxServerTargetPlatform
[2016.12.12-21.27.30:198][  0]LogTargetPlatformManager:Display: Building Assets For Linux
[2016.12.12-21.27.30:443][  0]LogDerivedDataCache:Display: Max Cache Size: 512 MB
[2016.12.12-21.27.30:444][  0]LogDerivedDataCache:Display: Starting with empty Boot cache
[2016.12.12-21.27.30:444][  0]LogDerivedDataCache: FDerivedDataBackendGraph:  Pak pak cache file ../../../../../home/hasan/Desktop/BallAndPlate 4.14/DerivedDataCache/DDC.ddp not found, will not use a pak cache.
[2016.12.12-21.27.30:444][  0]LogDerivedDataCache: Unable to find inner node Pak for hierarchical cache Hierarchy.
[2016.12.12-21.27.30:449][  0]LogDerivedDataCache: FDerivedDataBackendGraph:  EnginePak pak cache file ../../../Engine/DerivedDataCache/DDC.ddp not found, will not use a pak cache.
[2016.12.12-21.27.30:449][  0]LogDerivedDataCache: Unable to find inner node EnginePak for hierarchical cache Hierarchy.
[2016.12.12-21.27.30:459][  0]LogDerivedDataCache: Using Local data cache path ../../../Engine/DerivedDataCache: Writable
[2016.12.12-21.27.30:459][  0]LogDerivedDataCache: Shared data cache path not found in *engine.ini, will not use an Shared cache.
[2016.12.12-21.27.30:459][  0]LogDerivedDataCache: Unable to find inner node Shared for hierarchical cache Hierarchy.
[2016.12.12-21.27.31:936][  0]LogLinux: Selected Device Profile: [Linux]
[2016.12.12-21.27.32:217][  0]LogContentStreaming: Texture pool size is 0.00 MB
[2016.12.12-21.27.32:880][  0]LogMeshUtilities: Using QuadricMeshReduction for automatic static mesh reduction
[2016.12.12-21.27.32:884][  0]LogMeshUtilities: No automatic skeletal mesh reduction module available
[2016.12.12-21.27.32:884][  0]LogMeshUtilities: No automatic mesh merging module available
[2016.12.12-21.27.32:884][  0]LogMeshUtilities: No distributed automatic mesh merging module available
[2016.12.12-21.27.39:350][  0]LogNetVersion: GetLocalNetworkVersion: CL: 0, ProjectName: ballandplate, ProjectVersion: , EngineNetworkVersion: 2, GameNetworkVersion: 0, NetworkChecksum: 788538821
[2016.12.12-21.27.39:567][  0]LogAssetRegistry: FAssetRegistry took 0.0006 seconds to start up
[2016.12.12-21.27.43:174][  0]LogPackageLocalizationCache: Processed 3 localized package path(s) for 2 prioritized culture(s) in 0.018465 seconds
[2016.12.12-21.27.43:181][  0]LogUObjectArray: 31768 objects as part of root set at end of initial load.
[2016.12.12-21.27.43:181][  0]LogUObjectAllocator: 6877176 out of 0 bytes used by permanent object pool.
[2016.12.12-21.27.43:181][  0]LogUObjectArray: CloseDisregardForGC: 0/0 objects in disregard for GC pool
[2016.12.12-21.27.43:370][  0]LogHAL: Linux SourceCodeAccessSettings: NullSourceCodeAccessor
[2016.12.12-21.27.45:305][  0]LogSlate: Using Freetype 2.6.0
[2016.12.12-21.27.45:430][  0]LogSlate: SlateFontCache - WITH_FREETYPE: 1, WITH_HARFBUZZ: 0
[2016.12.12-21.27.45:430][  0]LogSlate: SlateFontCache - WITH_FREETYPE: 1, WITH_HARFBUZZ: 0
[2016.12.12-21.28.03:034][  0]LogUdpMessaging: Initializing bridge on interface 0.0.0.0:0 to multicast group 230.0.0.1:6666.
[2016.12.12-21.28.03:948][  0]LogDesktopPlatform: DesktopPlatformLinux is not using LinuxNativeDialogs.
[2016.12.12-21.28.04:080][  0]SourceControl: Info Source control is disabled
[2016.12.12-21.28.04:680][  0]SourceControl: Info Source control is disabled
[2016.12.12-21.28.04:781][  0]SourceControl: Info Source control is disabled
[2016.12.12-21.28.04:847][  0]SourceControl: Info Source control is disabled
[2016.12.12-21.28.05:535][  0]LogMaterial: Uniform references updated for custom material expression Custom.
[2016.12.12-21.28.07:331][  0]LogEngine: Initializing Engine...
[2016.12.12-21.28.08:671][  0]LogAIModule: Creating AISystem for world Untitled
[2016.12.12-21.28.08:941][  0]LogALAudio: ALAudio device opened : OpenAL Soft
[2016.12.12-21.28.08:943][  0]LogALAudio: AL_VENDOR      : OpenAL Community
[2016.12.12-21.28.08:943][  0]LogALAudio: AL_RENDERER    : OpenAL Soft
[2016.12.12-21.28.08:943][  0]LogALAudio: AL_VERSION     : 1.1 ALSOFT 1.15.1
[2016.12.12-21.28.08:943][  0]LogALAudio: AL_EXTENSIONS  : AL_EXT_ALAW AL_EXT_DOUBLE AL_EXT_EXPONENT_DISTANCE AL_EXT_FLOAT32 AL_EXT_IMA4 AL_EXT_LINEAR_DISTANCE AL_EXT_MCFORMATS AL_EXT_MULAW AL_EXT_MULAW_MCFORMATS AL_EXT_OFFSET AL_EXT_source_distance_model AL_LOKI_quadriphonic AL_SOFT_buffer_samples AL_SOFT_buffer_sub_data AL_SOFTX_deferred_updates AL_SOFT_direct_channels AL_SOFT_loop_points AL_SOFT_source_latency
[2016.12.12-21.28.08:944][  0]LogInit: FAudioDevice initialized.
[2016.12.12-21.28.08:980][  0]LogDerivedDataCache: Saved boot cache 0.04s 57MB ../../../../../home/hasan/Desktop/BallAndPlate 4.14/DerivedDataCache/Boot.ddc.
[2016.12.12-21.28.09:441][  0]LogInit: Texture streaming: Enabled
[2016.12.12-21.28.10:077][  0]LogInit: Transaction tracking system initialized
[2016.12.12-21.28.10:498][  0]BlueprintLog: New page: Editor Load
[2016.12.12-21.28.11:905][  0]LocalizationService: Info Localization service is disabled
[2016.12.12-21.28.12:365][  0]LogTcpMessaging: Initializing TcpMessaging bridge
[2016.12.12-21.28.13:306][  0]LogConsoleResponse:Display: 
[2016.12.12-21.28.15:239][  0]LogFileCache: Scanning file cache for directory '/home/hasan/Desktop/BallAndPlate 4.14/Content/' took 0.00s
[2016.12.12-21.28.15:239][  0]LogCook:Display: Max memory allowance for cook 16384mb min free memory 0mb
[2016.12.12-21.28.15:239][  0]LogCook:Display: Mobile HDR setting 1
[2016.12.12-21.28.17:129][  0]SourceControl: Info Source control is disabled
[2016.12.12-21.28.17:130][  0]Cmd: MAP LOAD FILE="../../../Engine/Content/Maps/Templates/Template_Default.umap" TEMPLATE=1 SHOWPROGRESS=1 FEATURELEVEL=2
[2016.12.12-21.28.17:130][  0]LightingResults: New page: Lighting Build
[2016.12.12-21.28.17:195][  0]MapCheck: New page: Map Check
[2016.12.12-21.28.17:195][  0]LightingResults: New page: Lighting Build
[2016.12.12-21.28.17:906][  0]LogAIModule: Creating AISystem for world Untitled_1
[2016.12.12-21.28.17:909][  0]LogActorComponent: RegisterComponentWithWorld: (/Temp/Untitled_1.Untitled_1:PersistentLevel.WorldSettings_1.StaticMeshComponent0) Trying to register component with IsPendingKill() == true. Aborting.
[2016.12.12-21.28.18:012][  0]LogEditorServer: Finished looking for orphan Actors (0.000 secs)
[2016.12.12-21.28.18:172][  0]Cmd: MAP CHECKDEP NOCLEARLOG
[2016.12.12-21.28.18:187][  0]MapCheck: Info Map check complete: 0 Error(s), 0 Warning(s), took 14.852ms to complete.
[2016.12.12-21.28.18:187][  0]LogFileHelpers: Loading map 'Template_Default' took 1.057
[2016.12.12-21.28.18:834][  0]LogCollectionManager: Loaded 0 collections in 0.016726 seconds
[2016.12.12-21.28.18:901][  0]LogFileCache: Scanning file cache for directory '/home/hasan/Desktop/BallAndPlate 4.14/Saved/Collections/' took 0.00s
[2016.12.12-21.28.18:901][  0]LogFileCache: Scanning file cache for directory '/home/hasan/Desktop/BallAndPlate 4.14/Content/Developers/hasan/Collections/' took 0.00s
[2016.12.12-21.28.18:901][  0]LogFileCache: Scanning file cache for directory '/home/hasan/Desktop/BallAndPlate 4.14/Content/Collections/' took 0.00s
[2016.12.12-21.28.18:901][  0]LogContentBrowser: Native class hierarchy populated in 0.0146 seconds. Added 2181 classes and 407 folders.
[2016.12.12-21.28.18:939][  0]LogCollectionManager: Rebuilt the GUID cache for 0 collections in 0.000002 seconds
[2016.12.12-21.28.19:071][  0]LogStats: UGameplayTagsManager::ConstructGameplayTagTree: Construct from data asset -  0.000 s
[2016.12.12-21.28.19:071][  0]LogStats: UGameplayTagsManager::ConstructGameplayTagTree: GameplayTagTreeChangedEvent.Broadcast -  0.000 s
[2016.12.12-21.28.19:072][  0]LogContentBrowser: Native class hierarchy updated for 'GameplayTags' in 0.0012 seconds. Added 13 classes and 0 folders.
[2016.12.12-21.28.19:121][  0]LogContentBrowser: Native class hierarchy updated for 'WidgetCarousel' in 0.0010 seconds. Added 0 classes and 0 folders.
[2016.12.12-21.28.21:300][  0]LogContentBrowser: Native class hierarchy updated for 'AddContentDialog' in 0.0012 seconds. Added 0 classes and 0 folders.
[2016.12.12-21.28.21:426][  0]LogContentBrowser: Native class hierarchy updated for 'SceneOutliner' in 0.0012 seconds. Added 1 classes and 2 folders.
[2016.12.12-21.28.21:509][  0]LogCrashTracker: Crashtracker disabled due to settings.
[2016.12.12-21.28.21:550][  0]LogUObjectGlobals:Warning: Failed to find object 'Class None.'
[2016.12.12-21.28.21:658][  0]LogContentBrowser: Native class hierarchy updated for 'HierarchicalLODOutliner' in 0.0015 seconds. Added 1 classes and 2 folders.
[2016.12.12-21.28.21:659][  0]LogLoad: (Engine Initialization) Total time: 87.25 seconds
[2016.12.12-21.28.21:659][  0]LogLoad: (Engine Initialization) Total Blueprint compile time: 0.20 seconds
[2016.12.12-21.28.21:659][  0]LogExternalProfiler: No external profilers were discovered.  External profiling features will not be available.
[2016.12.12-21.28.22:256][  0]LogRenderer: Reallocating scene render targets to support 1184x584 NumSamples 1 (Frame:2).
[2016.12.12-21.28.25:315][  0]LogContentStreaming: Texture pool size now 400 MB
[2016.12.12-21.28.25:336][  1]LogAssetRegistry: Asset discovery search completed in 45.7689 seconds
[2016.12.12-21.28.25:336][  1]LogCollectionManager: Rebuilt the object cache for 0 collections in 0.000000 seconds (found 0 objects)
[2016.12.12-21.28.25:336][  1]LogCollectionManager: Fixed up redirectors for 0 collections in 0.000059 seconds (updated 0 objects)
[2016.12.12-22.21.52:080][ 25]LogHttp:Warning: 0x7fafafa25d00: request failed, libcurl error: 6 (Couldn't resolve host name)
[2016.12.12-22.21.52:080][ 25]LogHttp:Warning: 0x7fafafa25d00: libcurl info message cache 0 (Connection 19 seems to be dead!)
[2016.12.12-22.21.52:080][ 25]LogHttp:Warning: 0x7fafafa25d00: libcurl info message cache 1 (Closing connection 19)
[2016.12.12-22.21.52:080][ 25]LogHttp:Warning: 0x7fafafa25d00: libcurl info message cache 2 (TLSv1.2 (OUT), TLS alert, Client hello (1):)
[2016.12.12-22.21.52:081][ 25]LogHttp:Warning: 0x7fafafa25d00: libcurl info message cache 3 (Could not resolve host: datarouter.ol.epicgames.com)
[2016.12.12-22.21.52:081][ 25]LogHttp:Warning: 0x7fafafa25d00: libcurl info message cache 4 (Closing connection 20)
[2016.12.12-22.34.58:015][543]LogTexture:Display: Building textures: cc85bb2255c9969aa7c87225be475f63 (AutoDXT)
[2016.12.12-22.34.58:057][543]LogMaterial: Missing cached shader map for material cc85bb2255c9969aa7c87225be475f63_Mat, compiling. 
[2016.12.12-22.34.58:094][543]LogMaterial: Missing cached shader map for material BasicAsset01, compiling. 
[2016.12.12-22.34.58:337][543]LogTexture:Display: Building textures: HQ_Lightmap1_1 (AutoDXT)
[2016.12.12-22.34.58:423][543]LogTexture:Display: Building textures: HQ_Lightmap1_2 (AutoDXT)
[2016.12.12-22.34.58:439][543]LogTexture:Display: Building textures: LQ_Lightmap_1_1 (DXT1)
[2016.12.12-22.34.58:476][543]LogTexture:Display: Building textures: LQ_Lightmap_1_2 (DXT1)
[2016.12.12-22.34.58:478][543]LogTexture:Display: Building textures: ShadowMapTexture2D_2 (G8)
[2016.12.12-22.34.58:485][543]LogTexture:Display: Building textures: ShadowMapTexture2D_3 (G8)
[2016.12.12-22.34.58:638][543]LogAIModule: Creating AISystem for world BallAndPlateMainScreen
[2016.12.12-22.34.58:838][543]Cmd: MAP LOAD FILE="../../../../../home/hasan/Desktop/BallAndPlate 4.14/Content/BallAndPlateMainScreen.umap" TEMPLATE=0 SHOWPROGRESS=1 FEATURELEVEL=2
[2016.12.12-22.34.58:838][543]LightingResults: New page: Lighting Build
[2016.12.12-22.34.58:839][543]LoadErrors: New page: Loading map: BallAndPlateMainScreen.umap
[2016.12.12-22.34.58:841][543]MapCheck: New page: Map Check
[2016.12.12-22.34.58:841][543]LightingResults: New page: Lighting Build
[2016.12.12-22.34.58:919][543]LogEditorServer: Finished looking for orphan Actors (0.000 secs)
[2016.12.12-22.34.58:930][543]Cmd: MAP CHECKDEP NOCLEARLOG
[2016.12.12-22.34.58:957][543]MapCheck: Info Map check complete: 0 Error(s), 0 Warning(s), took 26.811ms to complete.
[2016.12.12-22.34.58:957][543]LogFileHelpers: Loading map 'BallAndPlateMainScreen' took 0.121
[2016.12.12-22.35.31:024][490]LogContentBrowser: Native class hierarchy updated for 'TextureEditor' in 0.0152 seconds. Added 1 classes and 2 folders.
[2016.12.12-22.35.32:202][513]LogMaterial: Missing cached shader map for material cc85bb2255c9969aa7c87225be475f63_Mat, compiling. 
[2016.12.12-22.35.32:441][513]LogMaterial: Missing cached shader map for material cc85bb2255c9969aa7c87225be475f63_Mat, compiling. 
[2016.12.12-22.35.32:461][513]LogMaterial: 0.00 seconds spent updating 1 materials, 1 interfaces, 0 instances, 0 with static permutations.
[2016.12.12-22.35.32:474][513]LogMaterial: Missing cached shader map for material FMatExpressionPreview MaterialExpressionTextureSample_0, compiling. 
[2016.12.12-22.35.35:074][553]Cmd: MAP LOAD FILE="../../../../../home/hasan/Desktop/BallAndPlate 4.14/Content/BallAndPlateMainScreen.umap" TEMPLATE=0 SHOWPROGRESS=1 FEATURELEVEL=2
[2016.12.12-22.35.35:074][553]LightingResults: New page: Lighting Build
[2016.12.12-22.35.35:075][553]LoadErrors: New page: Loading map: BallAndPlateMainScreen.umap
[2016.12.12-22.35.35:077][553]MapCheck: New page: Map Check
[2016.12.12-22.35.35:077][553]LightingResults: New page: Lighting Build
[2016.12.12-22.35.35:175][553]LogAIModule: Creating AISystem for world BallAndPlateMainScreen
[2016.12.12-22.35.35:182][553]LogEditorServer: Finished looking for orphan Actors (0.000 secs)
[2016.12.12-22.35.35:229][553]Cmd: MAP CHECKDEP NOCLEARLOG
[2016.12.12-22.35.35:262][553]MapCheck: Info Map check complete: 0 Error(s), 0 Warning(s), took 33.166ms to complete.
[2016.12.12-22.35.35:263][553]LogFileHelpers: Loading map 'BallAndPlateMainScreen' took 0.193
[2016.12.12-22.36.07:477][454]LogEditorViewport: Clicking on Actor (LMB): BallAndPlatePawn (BallAndPlatePawn1)
[2016.12.12-22.36.08:947][500]LogEditorViewport: Clicking on Actor (LMB): BallAndPlatePawn (BallAndPlatePawn1)
[2016.12.12-22.36.09:934][535]LogEditorViewport: Clicking on Actor (LMB): StaticMeshActor (AltPlaka)
[2016.12.12-22.36.11:144][575]LogEditorViewport: Clicking on Actor (LMB): BP_Sky_Sphere_C (Sky Sphere)
[2016.12.12-22.36.19:556][866]LogEditorViewport: Clicking on Actor (LMB): BallAndPlatePawn (BallAndPlatePawn1)
[2016.12.12-22.37.43:817][961]LogActorFactory: Actor Factory created Cube
[2016.12.12-22.37.44:398][979]LogActorFactory: Actor Factory created Cube
[2016.12.12-22.37.45:919][ 34]LogEditorViewport: Clicking on Actor (LMB): StaticMeshActor (Cube9)
[2016.12.12-22.37.47:136][ 79]Cmd: DELETE
[2016.12.12-22.37.47:136][ 79]Cmd: ACTOR DELETE
[2016.12.12-22.37.47:138][ 79]LogEditorActor: Deleted Actor: StaticMeshActor
[2016.12.12-22.37.47:192][ 79]LogEditorActor: Deleted 1 Actors (0.056 secs)
[2016.12.12-22.45.35:358][122]LogSavePackage: Save=144.38ms
[2016.12.12-22.45.35:358][122]LogSavePackage: Moving '../../../../../home/hasan/Desktop/BallAndPlate 4.14/Saved/BallAndPlateMainScreen_Auto117BD0160230C010D002D0146DCA4F953.tmp' to '../../../../../home/hasan/Desktop/BallAndPlate 4.14/Saved/Autosaves/Game/BallAndPlateMainScreen_Auto1.umap'
[2016.12.12-22.45.35:359][122]LogSavePackage:Display: Finished SavePackage ../../../../../home/hasan/Desktop/BallAndPlate 4.14/Saved/Autosaves/Game/BallAndPlateMainScreen_Auto1.umap
[2016.12.12-22.45.35:360][122]LogFileHelpers: Editor autosave (incl. sublevels) for '/Game/BallAndPlateMainScreen' took 0.198
[2016.12.12-22.45.35:360][122]LogFileHelpers: Editor autosave (incl. sublevels) for all levels took 0.198
[2016.12.12-22.50.12:443][ 57]Cmd: OBJ SAVEPACKAGE PACKAGE="/Game/BallAndPlateMainScreen" FILE="../../../../../home/hasan/Desktop/BallAndPlate 4.14/Content/BallAndPlateMainScreen.umap" SILENT=true AUTOSAVING=false KEEPDIRTY=false
[2016.12.12-22.50.12:544][ 57]LogSavePackage: Save=77.91ms
[2016.12.12-22.50.12:544][ 57]LogSavePackage: Moving '../../../../../home/hasan/Desktop/BallAndPlate 4.14/Saved/BallAndPlateMainScreen17F93D750C0C010D003201FFED2A7A5E.tmp' to '../../../../../home/hasan/Desktop/BallAndPlate 4.14/Content/BallAndPlateMainScreen.umap'
[2016.12.12-22.50.12:589][ 57]LogSavePackage:Display: Finished SavePackage ../../../../../home/hasan/Desktop/BallAndPlate 4.14/Content/BallAndPlateMainScreen.umap
[2016.12.12-22.50.12:597][ 57]LogFileHelpers: Saving map 'BallAndPlateMainScreen' took 0.174
[2016.12.12-22.50.12:801][ 58]Cmd: QUIT_EDITOR
[2016.12.12-22.50.12:852][ 58]LogALAudio: Closing ALAudio device : OpenAL Soft
[2016.12.12-22.50.12:865][ 58]LogExit: Preparing to exit.
[2016.12.12-22.50.14:017][ 58]LogExit: Editor shut down
[2016.12.12-22.50.14:017][ 58]LogExit: Transaction tracking system shut down
[2016.12.12-22.50.14:107][ 58]LogObj: Freed 0b from 0 cluster array pools.
[2016.12.12-22.50.14:108][ 58]LogExit: Object subsystem successfully closed.
[2016.12.12-22.50.14:193][ 58]LogHttp:Display: Http module shutting down, but needs to wait on 1 outstanding Http requests:
[2016.12.12-22.50.14:193][ 58]LogHttp:Display: 	verb=[POST] url=[https://datarouter.ol.epicgames.com/datarouter/api/v1/public/data?SessionID=%7B064E8AFD-090C-000D-001C-02A3C7BDFDB5%7D&AppID=UEEditor.UnrealEngine.Release&AppVersion=4.14.1-0%2B%2B%2BUE4%2BRelease-4.14&UserID=0002ed8c1a0c0d0c000700fb4548cdc7%7C%7C8d21c8eec7524e98816cf1a8aca7fe5e&AppEnvironment=datacollector-source&UploadType=eteventstream] status=Processing
[2016.12.12-22.50.14:223][ 58]LogModuleManager: Shutting down and abandoning module MaterialEditor (217)
[2016.12.12-22.50.14:223][ 58]LogModuleManager: Shutting down and abandoning module TextureEditor (216)
[2016.12.12-22.50.14:223][ 58]LogModuleManager: Shutting down and abandoning module HierarchicalLODOutliner (215)
[2016.12.12-22.50.14:223][ 58]LogModuleManager: Shutting down and abandoning module CrashTracker (214)
[2016.12.12-22.50.14:223][ 58]LogModuleManager: Shutting down and abandoning module SceneOutliner (213)
[2016.12.12-22.50.14:223][ 58]LogModuleManager: Shutting down and abandoning module WidgetCarousel (212)
[2016.12.12-22.50.14:223][ 58]LogModuleManager: Shutting down and abandoning module AddContentDialog (211)
[2016.12.12-22.50.14:246][ 58]LogModuleManager: Shutting down and abandoning module GameplayTags (210)
[2016.12.12-22.50.14:246][ 58]LogModuleManager: Shutting down and abandoning module EditorWidgets (209)
[2016.12.12-22.50.14:246][ 58]LogModuleManager: Shutting down and abandoning module CollectionManager (208)
[2016.12.12-22.50.14:246][ 58]LogModuleManager: Shutting down and abandoning module StatsViewer (207)
[2016.12.12-22.50.14:246][ 58]LogModuleManager: Shutting down and abandoning module FoliageEdit (206)
[2016.12.12-22.50.14:246][ 58]LogModuleManager: Shutting down and abandoning module LandscapeEditor (205)
[2016.12.12-22.50.14:246][ 58]LogModuleManager: Shutting down and abandoning module SceneDepthPickerMode (204)
[2016.12.12-22.50.14:246][ 58]LogModuleManager: Shutting down and abandoning module ActorPickerMode (203)
[2016.12.12-22.50.14:246][ 58]LogModuleManager: Shutting down and abandoning module GeometryMode (202)
[2016.12.12-22.50.14:247][ 58]LogModuleManager: Shutting down and abandoning module TextureAlignMode (201)
[2016.12.12-22.50.14:247][ 58]LogModuleManager: Shutting down and abandoning module BspMode (200)
[2016.12.12-22.50.14:247][ 58]LogModuleManager: Shutting down and abandoning module HardwareSurvey (199)
[2016.12.12-22.50.14:247][ 58]LogModuleManager: Shutting down and abandoning module SequenceRecorderSections (198)
[2016.12.12-22.50.14:247][ 58]LogModuleManager: Shutting down and abandoning module SequenceRecorder (197)
[2016.12.12-22.50.14:247][ 58]LogModuleManager: Shutting down and abandoning module AutomationWorker (196)
[2016.12.12-22.50.14:247][ 58]LogModuleManager: Shutting down and abandoning module AndroidMediaFactory (195)
[2016.12.12-22.50.14:247][ 58]LogModuleManager: Shutting down and abandoning module AndroidMediaEditor (194)
[2016.12.12-22.50.14:247][ 58]LogModuleManager: Shutting down and abandoning module WmfMediaFactory (193)
[2016.12.12-22.50.14:247][ 58]LogModuleManager: Shutting down and abandoning module WmfMediaEditor (192)
[2016.12.12-22.50.14:247][ 58]LogModuleManager: Shutting down and abandoning module Media (191)
[2016.12.12-22.50.14:247][ 58]LogModuleManager: Shutting down and abandoning module AvfMediaFactory (190)
[2016.12.12-22.50.14:247][ 58]LogModuleManager: Shutting down and abandoning module AvfMediaEditor (189)
[2016.12.12-22.50.14:247][ 58]LogModuleManager: Shutting down and abandoning module SmartSnapping (188)
[2016.12.12-22.50.14:247][ 58]LogModuleManager: Shutting down and abandoning module MatineeToLevelSequence (187)
[2016.12.12-22.50.14:247][ 58]LogModuleManager: Shutting down and abandoning module PlacementMode (186)
[2016.12.12-22.50.14:247][ 58]LogModuleManager: Shutting down and abandoning module LevelSequenceEditor (185)
[2016.12.12-22.50.14:247][ 58]LogModuleManager: Shutting down and abandoning module CharacterAI (184)
[2016.12.12-22.50.14:247][ 58]LogModuleManager: Shutting down and abandoning module SessionServices (183)
[2016.12.12-22.50.14:247][ 58]LogModuleManager: Shutting down and abandoning module ViewportSnapping (182)
[2016.12.12-22.50.14:247][ 58]LogModuleManager: Shutting down and abandoning module ViewportInteraction (181)
[2016.12.12-22.50.14:247][ 58]LogModuleManager: Shutting down and abandoning module LogVisualizer (180)
[2016.12.12-22.50.14:248][ 58]LogModuleManager: Shutting down and abandoning module GameProjectGeneration (179)
[2016.12.12-22.50.14:248][ 58]LogModuleManager: Shutting down and abandoning module IntroTutorials (178)
[2016.12.12-22.50.14:248][ 58]LogModuleManager: Shutting down and abandoning module EditorLiveStreaming (177)
[2016.12.12-22.50.14:248][ 58]LogModuleManager: Shutting down and abandoning module HTML5PlatformEditor (176)
[2016.12.12-22.50.14:248][ 58]LogModuleManager: Shutting down and abandoning module IOSPlatformEditor (175)
[2016.12.12-22.50.14:248][ 58]LogModuleManager: Shutting down and abandoning module TcpMessaging (174)
[2016.12.12-22.50.14:348][ 58]LogModuleManager: Shutting down and abandoning module AndroidDeviceDetection (173)
[2016.12.12-22.50.14:803][ 58]LogModuleManager: Shutting down and abandoning module AndroidPlatformEditor (172)
[2016.12.12-22.50.14:803][ 58]LogModuleManager: Shutting down and abandoning module IOSRuntimeSettings (171)
[2016.12.12-22.50.14:803][ 58]LogModuleManager: Shutting down and abandoning module AndroidRuntimeSettings (170)
[2016.12.12-22.50.14:803][ 58]LogModuleManager: Shutting down and abandoning module InputBindingEditor (169)
[2016.12.12-22.50.14:803][ 58]LogModuleManager: Shutting down and abandoning module NiagaraEditor (168)
[2016.12.12-22.50.14:803][ 58]LogModuleManager: Shutting down and abandoning module MergeActors (167)
[2016.12.12-22.50.14:803][ 58]LogModuleManager: Shutting down and abandoning module SizeMap (166)
[2016.12.12-22.50.14:803][ 58]LogModuleManager: Shutting down and abandoning module TreeMap (165)
[2016.12.12-22.50.14:803][ 58]LogModuleManager: Shutting down and abandoning module ReferenceViewer (164)
[2016.12.12-22.50.14:803][ 58]LogModuleManager: Shutting down and abandoning module LocalizationService (163)
[2016.12.12-22.50.14:803][ 58]LogModuleManager: Shutting down and abandoning module LocalizationDashboard (162)
[2016.12.12-22.50.14:803][ 58]LogModuleManager: Shutting down and abandoning module HardwareTargeting (161)
[2016.12.12-22.50.14:803][ 58]LogModuleManager: Shutting down and abandoning module DeviceProfileEditor (160)
[2016.12.12-22.50.14:803][ 58]LogModuleManager: Shutting down and abandoning module UndoHistory (159)
[2016.12.12-22.50.14:803][ 58]LogModuleManager: Shutting down and abandoning module UserFeedback (158)
[2016.12.12-22.50.14:803][ 58]LogModuleManager: Shutting down and abandoning module XmlParser (157)
[2016.12.12-22.50.14:803][ 58]LogModuleManager: Shutting down and abandoning module Blutility (156)
[2016.12.12-22.50.14:803][ 58]LogModuleManager: Shutting down and abandoning module ProjectTargetPlatformEditor (155)
[2016.12.12-22.50.14:803][ 58]LogModuleManager: Shutting down and abandoning module ProjectSettingsViewer (154)
[2016.12.12-22.50.14:804][ 58]LogModuleManager: Shutting down and abandoning module EditorSettingsViewer (153)
[2016.12.12-22.50.14:804][ 58]LogModuleManager: Shutting down and abandoning module SettingsEditor (152)
[2016.12.12-22.50.14:804][ 58]LogModuleManager: Shutting down and abandoning module ProjectLauncher (151)
[2016.12.12-22.50.14:804][ 58]LogModuleManager: Shutting down and abandoning module SessionFrontend (150)
[2016.12.12-22.50.14:804][ 58]LogModuleManager: Shutting down and abandoning module ProfilerClient (149)
[2016.12.12-22.50.14:804][ 58]LogModuleManager: Shutting down and abandoning module TargetDeviceServices (148)
[2016.12.12-22.50.14:804][ 58]LogModuleManager: Shutting down and abandoning module DeviceManager (147)
[2016.12.12-22.50.14:814][ 58]LogModuleManager: Shutting down and abandoning module AutomationController (146)
[2016.12.12-22.50.14:814][ 58]LogModuleManager: Shutting down and abandoning module AutomationWindow (145)
[2016.12.12-22.50.14:814][ 58]LogModuleManager: Shutting down and abandoning module Layers (144)
[2016.12.12-22.50.14:814][ 58]LogModuleManager: Shutting down and abandoning module ComponentVisualizers (143)
[2016.12.12-22.50.14:814][ 58]LogModuleManager: Shutting down and abandoning module DetailCustomizations (142)
[2016.12.12-22.50.14:815][ 58]LogModuleManager: Shutting down and abandoning module PackagesDialog (141)
[2016.12.12-22.50.14:815][ 58]LogModuleManager: Shutting down and abandoning module AnimGraph (140)
[2016.12.12-22.50.14:815][ 58]LogModuleManager: Shutting down and abandoning module Persona (139)
[2016.12.12-22.50.14:841][ 58]LogModuleManager: Shutting down and abandoning module Kismet (138)
[2016.12.12-22.50.14:842][ 58]LogModuleManager: Shutting down and abandoning module GraphEditor (137)
[2016.12.12-22.50.14:842][ 58]LogModuleManager: Shutting down and abandoning module ClassViewer (136)
[2016.12.12-22.50.14:842][ 58]LogModuleManager: Shutting down and abandoning module Toolbox (135)
[2016.12.12-22.50.14:842][ 58]LogModuleManager: Shutting down and abandoning module ModuleUI (134)
[2016.12.12-22.50.14:842][ 58]LogModuleManager: Shutting down and abandoning module MovieSceneTools (133)
[2016.12.12-22.50.14:842][ 58]LogModuleManager: Shutting down and abandoning module OutputLog (132)
[2016.12.12-22.50.14:842][ 58]LogModuleManager: Shutting down and abandoning module GammaUI (131)
[2016.12.12-22.50.14:842][ 58]LogModuleManager: Shutting down and abandoning module Documentation (130)
[2016.12.12-22.50.14:842][ 58]LogModuleManager: Shutting down and abandoning module GeometryCacheEd (129)
[2016.12.12-22.50.14:842][ 58]LogModuleManager: Shutting down and abandoning module GeometryCache (128)
[2016.12.12-22.50.14:842][ 58]LogModuleManager: Shutting down and abandoning module Niagara (127)
[2016.12.12-22.50.14:842][ 58]LogModuleManager: Shutting down and abandoning module StreamingPauseRendering (126)
[2016.12.12-22.50.14:842][ 58]LogModuleManager: Shutting down and abandoning module AnalyticsET (125)
[2016.12.12-22.50.14:842][ 58]LogModuleManager: Shutting down and abandoning module PortalServices (124)
[2016.12.12-22.50.14:842][ 58]LogModuleManager: Shutting down and abandoning module PortalRpc (123)
[2016.12.12-22.50.14:842][ 58]LogModuleManager: Shutting down and abandoning module MessagingRpc (122)
[2016.12.12-22.50.14:842][ 58]LogModuleManager: Shutting down and abandoning module GameplayDebugger (121)
[2016.12.12-22.50.14:842][ 58]LogModuleManager: Shutting down and abandoning module AITestSuite (120)
[2016.12.12-22.50.14:842][ 58]LogModuleManager: Shutting down and abandoning module AIModule (119)
[2016.12.12-22.50.14:842][ 58]LogModuleManager: Shutting down and abandoning module ProfilerService (118)
[2016.12.12-22.50.15:082][ 58]LogModuleManager: Shutting down and abandoning module TaskGraph (117)
[2016.12.12-22.50.15:105][ 58]LogModuleManager: Shutting down and abandoning module LightPropagationVolumeEditor (116)
[2016.12.12-22.50.15:105][ 58]LogModuleManager: Shutting down and abandoning module CustomMeshComponent (114)
[2016.12.12-22.50.15:105][ 58]LogModuleManager: Shutting down and abandoning module CableComponent (113)
[2016.12.12-22.50.15:105][ 58]LogModuleManager: Shutting down and abandoning module ProceduralMeshComponentEditor (112)
[2016.12.12-22.50.15:105][ 58]LogModuleManager: Shutting down and abandoning module ProceduralMeshComponent (111)
[2016.12.12-22.50.15:105][ 58]LogModuleManager: Shutting down and abandoning module ArchVisCharacter (110)
[2016.12.12-22.50.15:105][ 58]LogModuleManager: Shutting down and abandoning module MobilePatchingUtils (109)
[2016.12.12-22.50.15:105][ 58]LogModuleManager: Shutting down and abandoning module MediaPlayerEditor (108)
[2016.12.12-22.50.15:105][ 58]LogModuleManager: Shutting down and abandoning module PaperTiledImporter (107)
[2016.12.12-22.50.15:105][ 58]LogModuleManager: Shutting down and abandoning module PaperSpriteSheetImporter (106)
[2016.12.12-22.50.15:105][ 58]LogModuleManager: Shutting down and abandoning module MeshPaint (105)
[2016.12.12-22.50.15:105][ 58]LogModuleManager: Shutting down and abandoning module PixelInspectorModule (104)
[2016.12.12-22.50.15:105][ 58]LogModuleManager: Shutting down and abandoning module LevelEditor (103)
[2016.12.12-22.50.15:107][ 58]LogModuleManager: Shutting down and abandoning module ContentBrowser (102)
[2016.12.12-22.50.15:108][ 58]LogModuleManager: Shutting down and abandoning module Paper2DEditor (101)
[2016.12.12-22.50.15:108][ 58]LogModuleManager: Shutting down and abandoning module KDevelopSourceCodeAccess (100)
[2016.12.12-22.50.15:108][ 58]LogModuleManager: Shutting down and abandoning module PerforceSourceControl (99)
[2016.12.12-22.50.15:108][ 58]LogModuleManager: Shutting down and abandoning module UObjectPlugin (98)
[2016.12.12-22.50.15:108][ 58]LogModuleManager: Shutting down and abandoning module SubversionSourceControl (97)
[2016.12.12-22.50.15:108][ 58]LogModuleManager: Shutting down and abandoning module SourceControl (96)
[2016.12.12-22.50.15:108][ 58]LogModuleManager: Shutting down and abandoning module GitSourceControl (95)
[2016.12.12-22.50.15:108][ 58]LogModuleManager: Shutting down and abandoning module DesktopPlatform (94)
[2016.12.12-22.50.15:108][ 58]LogModuleManager: Shutting down and abandoning module CodeLiteSourceCodeAccess (93)
[2016.12.12-22.50.15:108][ 58]LogModuleManager: Shutting down and abandoning module SlateRemote (92)
[2016.12.12-22.50.15:108][ 58]LogModuleManager: Shutting down and abandoning module PluginBrowser (91)
[2016.12.12-22.50.15:109][ 58]LogModuleManager: Shutting down and abandoning module SuperSearch (90)
[2016.12.12-22.50.15:109][ 58]LogModuleManager: Shutting down and abandoning module SuperSearchEditor (89)
[2016.12.12-22.50.15:109][ 58]LogModuleManager: Shutting down and abandoning module SpeedTreeImporter (88)
[2016.12.12-22.50.15:109][ 58]LogModuleManager: Shutting down and abandoning module HotReload (87)
[2016.12.12-22.50.15:109][ 58]LogModuleManager: Shutting down and abandoning module MainFrame (86)
[2016.12.12-22.50.15:109][ 58]LogModuleManager: Shutting down and abandoning module EpicSurvey (85)
[2016.12.12-22.50.15:109][ 58]LogModuleManager: Shutting down and abandoning module MobileLauncherProfileWizard (84)
[2016.12.12-22.50.15:110][ 58]LogModuleManager: Shutting down and abandoning module BallAndPlate (83)
[2016.12.12-22.50.15:110][ 58]LogModuleManager: Shutting down and abandoning module LightPropagationVolumeRuntime (82)
[2016.12.12-22.50.15:110][ 58]LogModuleManager: Shutting down and abandoning module UdpMessaging (81)
[2016.12.12-22.50.15:210][ 58]LogModuleManager: Shutting down and abandoning module Paper2D (80)
[2016.12.12-22.50.15:210][ 58]LogModuleManager: Shutting down and abandoning module NullSourceCodeAccess (79)
[2016.12.12-22.50.15:210][ 58]LogModuleManager: Shutting down and abandoning module MediaAssets (78)
[2016.12.12-22.50.15:210][ 58]LogModuleManager: Shutting down and abandoning module GameLiveStreaming (77)
[2016.12.12-22.50.15:210][ 58]LogModuleManager: Shutting down and abandoning module GameplayTagsEditor (76)
[2016.12.12-22.50.15:210][ 58]LogModuleManager: Shutting down and abandoning module VREditor (75)
[2016.12.12-22.50.15:210][ 58]LogModuleManager: Shutting down and abandoning module GameplayTasksEditor (74)
[2016.12.12-22.50.15:210][ 58]LogModuleManager: Shutting down and abandoning module BehaviorTreeEditor (73)
[2016.12.12-22.50.15:210][ 58]LogModuleManager: Shutting down and abandoning module FunctionalTesting (72)
[2016.12.12-22.50.15:210][ 58]LogModuleManager: Shutting down and abandoning module CollisionAnalyzer (71)
[2016.12.12-22.50.15:210][ 58]LogModuleManager: Shutting down and abandoning module Sequencer (70)
[2016.12.12-22.50.15:210][ 58]LogModuleManager: Shutting down and abandoning module WorkspaceMenuStructure (69)
[2016.12.12-22.50.15:210][ 58]LogModuleManager: Shutting down and abandoning module MessageLog (68)
[2016.12.12-22.50.15:210][ 58]LogModuleManager: Shutting down and abandoning module AssetTools (67)
[2016.12.12-22.50.15:210][ 58]LogModuleManager: Shutting down and abandoning module UMGEditor (66)
[2016.12.12-22.50.15:211][ 58]LogModuleManager: Shutting down and abandoning module UMG (65)
[2016.12.12-22.50.15:211][ 58]LogModuleManager: Shutting down and abandoning module SlateReflector (64)
[2016.12.12-22.50.15:211][ 58]LogModuleManager: Shutting down and abandoning module Slate (63)
[2016.12.12-22.50.15:211][ 58]LogModuleManager: Shutting down and abandoning module EditorStyle (62)
[2016.12.12-22.50.15:215][ 58]LogModuleManager: Shutting down and abandoning module Messaging (61)
[2016.12.12-22.50.15:215][ 58]LogModuleManager: Shutting down and abandoning module SourceCodeAccess (60)
[2016.12.12-22.50.15:215][ 58]LogModuleManager: Shutting down and abandoning module HeadMountedDisplay (59)
[2016.12.12-22.50.15:215][ 58]LogModuleManager: Shutting down and abandoning module ALAudio (58)
[2016.12.12-22.50.15:215][ 58]LogModuleManager: Shutting down and abandoning module Networking (56)
[2016.12.12-22.50.15:215][ 58]LogModuleManager: Shutting down and abandoning module Core (55)
[2016.12.12-22.50.15:215][ 58]LogModuleManager: Shutting down and abandoning module DirectoryWatcher (54)
[2016.12.12-22.50.15:239][ 58]LogModuleManager: Shutting down and abandoning module AssetRegistry (53)
[2016.12.12-22.50.15:350][ 58]LogModuleManager: Shutting down and abandoning module KismetCompiler (52)
[2016.12.12-22.50.15:350][ 58]LogModuleManager: Shutting down and abandoning module PhysXFormats (51)
[2016.12.12-22.50.15:350][ 58]LogModuleManager: Shutting down and abandoning module QuadricMeshReduction (50)
[2016.12.12-22.50.15:350][ 58]LogModuleManager: Shutting down and abandoning module PropertyEditor (49)
[2016.12.12-22.50.15:350][ 58]LogModuleManager: Shutting down and abandoning module MeshUtilities (48)
[2016.12.12-22.50.15:350][ 58]LogModuleManager: Shutting down and abandoning module DerivedDataCache (47)
[2016.12.12-22.50.15:412][ 58]LogDerivedDataCache: Shutdown
[2016.12.12-22.50.15:412][ 58]LogModuleManager: Shutting down and abandoning module ShaderFormatOpenGL (46)
[2016.12.12-22.50.15:412][ 58]LogModuleManager: Shutting down and abandoning module TextureFormatIntelISPCTexComp (45)
[2016.12.12-22.50.15:412][ 58]LogModuleManager: Shutting down and abandoning module ImageWrapper (44)
[2016.12.12-22.50.15:412][ 58]LogModuleManager: Shutting down and abandoning module TextureFormatASTC (43)
[2016.12.12-22.50.15:412][ 58]LogModuleManager: Shutting down and abandoning module TextureFormatDXT (42)
[2016.12.12-22.50.15:412][ 58]LogModuleManager: Shutting down and abandoning module TextureFormatUncompressed (41)
[2016.12.12-22.50.15:412][ 58]LogModuleManager: Shutting down and abandoning module TextureFormatPVR (40)
[2016.12.12-22.50.15:412][ 58]LogModuleManager: Shutting down and abandoning module AudioFormatOpus (39)
[2016.12.12-22.50.15:412][ 58]LogModuleManager: Shutting down and abandoning module AudioFormatOgg (38)
[2016.12.12-22.50.15:412][ 58]LogModuleManager: Shutting down and abandoning module LinuxServerTargetPlatform (37)
[2016.12.12-22.50.15:412][ 58]LogModuleManager: Shutting down and abandoning module LinuxTargetPlatform (36)
[2016.12.12-22.50.15:412][ 58]LogModuleManager: Shutting down and abandoning module LinuxClientTargetPlatform (35)
[2016.12.12-22.50.15:412][ 58]LogModuleManager: Shutting down and abandoning module LinuxNoEditorTargetPlatform (34)
[2016.12.12-22.50.15:412][ 58]LogModuleManager: Shutting down and abandoning module HTML5TargetPlatform (33)
[2016.12.12-22.50.15:412][ 58]LogModuleManager: Shutting down and abandoning module AndroidTargetPlatform (32)
[2016.12.12-22.50.15:412][ 58]LogModuleManager: Shutting down and abandoning module Android_ETC1TargetPlatform (31)
[2016.12.12-22.50.15:413][ 58]LogModuleManager: Shutting down and abandoning module Android_ETC2TargetPlatform (30)
[2016.12.12-22.50.15:413][ 58]LogModuleManager: Shutting down and abandoning module Android_DXTTargetPlatform (29)
[2016.12.12-22.50.15:413][ 58]LogModuleManager: Shutting down and abandoning module Android_ASTCTargetPlatform (28)
[2016.12.12-22.50.15:413][ 58]LogModuleManager: Shutting down and abandoning module Android_MultiTargetPlatform (27)
[2016.12.12-22.50.15:413][ 58]LogModuleManager: Shutting down and abandoning module Android_PVRTCTargetPlatform (26)
[2016.12.12-22.50.15:413][ 58]LogModuleManager: Shutting down and abandoning module Android_ATCTargetPlatform (25)
[2016.12.12-22.50.15:413][ 58]LogModuleManager: Shutting down and abandoning module AllDesktopTargetPlatform (24)
[2016.12.12-22.50.15:413][ 58]LogModuleManager: Shutting down and abandoning module TargetPlatform (23)
[2016.12.12-22.50.15:413][ 58]LogModuleManager: Shutting down and abandoning module InputCore (22)
[2016.12.12-22.50.15:413][ 58]LogModuleManager: Shutting down and abandoning module Settings (21)
[2016.12.12-22.50.15:413][ 58]LogModuleManager: Shutting down and abandoning module OnlineBlueprintSupport (20)
[2016.12.12-22.50.15:413][ 58]LogModuleManager: Shutting down and abandoning module OnlineSubsystem (18)
[2016.12.12-22.50.15:413][ 58]LogOnline:Display: Unloading online subsystem: NULL
[2016.12.12-22.50.15:413][ 58]LogModuleManager: Shutting down and abandoning module LinuxDeviceProfileSelector (17)
[2016.12.12-22.50.15:413][ 58]LogModuleManager: Shutting down and abandoning module ExampleDeviceProfileSelector (16)
[2016.12.12-22.50.15:413][ 58]LogModuleManager: Shutting down and abandoning module HTTP (15)
[2016.12.12-22.50.15:413][ 58]LogModuleManager: Shutting down and abandoning module TextureCompressor (13)
[2016.12.12-22.50.15:413][ 58]LogModuleManager: Shutting down and abandoning module ShaderCore (12)
[2016.12.12-22.50.15:413][ 58]LogModuleManager: Shutting down and abandoning module Landscape (11)
[2016.12.12-22.50.15:413][ 58]LogModuleManager: Shutting down and abandoning module SlateRHIRenderer (10)
[2016.12.12-22.50.15:414][ 58]LogModuleManager: Shutting down and abandoning module OpenGLDrv (9)
[2016.12.12-22.50.15:414][ 58]LogModuleManager: Shutting down and abandoning module AnimGraphRuntime (8)
[2016.12.12-22.50.15:414][ 58]LogModuleManager: Shutting down and abandoning module Renderer (7)
[2016.12.12-22.50.15:414][ 58]LogModuleManager: Shutting down and abandoning module Engine (6)
[2016.12.12-22.50.15:414][ 58]LogModuleManager: Shutting down and abandoning module CoreUObject (5)
[2016.12.12-22.50.15:414][ 58]LogModuleManager: Shutting down and abandoning module NetworkFile (4)
[2016.12.12-22.50.15:414][ 58]LogModuleManager: Shutting down and abandoning module StreamingFile (3)
[2016.12.12-22.50.15:414][ 58]LogModuleManager: Shutting down and abandoning module SandboxFile (2)
[2016.12.12-22.50.15:414][ 58]LogModuleManager: Shutting down and abandoning module PakFile (1)
[2016.12.12-22.50.15:415][ 58]LogExit: Exiting.
[2016.12.12-22.50.15:415][ 58]LogInit: Tearing down SDL.
[2016.12.12-22.50.15:444][ 58]Log file closed, 12/13/16 01:50:15
